2015-04-22T19:44:49 Checking update-file '/usr/share/kde4/apps/kconf_update/devicepreference.upd' for new updates
2015-04-22T19:44:49 devicepreference.upd: Found new update 'DevicesMovedToPlatformPlugin'
2015-04-22T19:44:49 devicepreference.upd: Running script 'phonon_devicepreference_update'
2015-04-22T19:44:49 devicepreference.upd: Found new update 'DevicesUIDsChanged'
2015-04-22T19:44:49 devicepreference.upd: Running script 'phonon_deviceuids_update'
2015-04-22T19:44:49 Checking update-file '/usr/share/kde4/apps/kconf_update/amarok.upd' for new updates
2015-04-22T19:44:49 amarok.upd: Found new update '1'
2015-04-22T19:44:49 amarok.upd: File 'amarokrc' does not exist or empty, skipping
2015-04-22T19:44:49 Checking update-file '/usr/share/kde4/apps/kconf_update/drkonqi-rename-config-section.upd' for new updates
2015-04-22T19:44:49 drkonqi-rename-config-section.upd: Found new update 'kde-4.11'
2015-04-22T19:44:49 drkonqi-rename-config-section.upd: File 'drkonqirc' does not exist or empty, skipping
2015-04-22T19:44:49 Checking update-file '/usr/share/kde4/apps/kconf_update/kwallet-4.13.upd' for new updates
2015-04-22T19:44:49 kwallet-4.13.upd: Found new update 'kde4.13'
2015-04-22T19:44:49 kwallet-4.13.upd: File 'kwalletrc' does not exist or empty, skipping
2015-04-22T19:44:49 Checking update-file '/usr/share/kde4/apps/kconf_update/kuriikwsfilter.upd' for new updates
2015-04-22T19:44:49 kuriikwsfilter.upd: Found new update 'post-kde3.1/cvs'
2015-04-22T19:44:49 kuriikwsfilter.upd: File 'kuriikwsfilterrc' does not exist or empty, skipping
2015-04-22T19:44:49 kuriikwsfilter.upd: Found new update 'pre-kde4.9'
2015-04-22T19:44:49 kuriikwsfilter.upd: File 'kuriikwsfilterrc' does not exist or empty, skipping
2015-04-22T19:44:49 Checking update-file '/usr/share/kde4/apps/kconf_update/kded.upd' for new updates
2015-04-22T19:44:49 kded.upd: Found new update 'kde3.0'
2015-04-22T19:44:49 kded.upd: File 'kdedrc' does not exist or empty, skipping
2015-04-22T19:44:49 Checking update-file '/usr/share/kde4/apps/kconf_update/kio_help.upd' for new updates
2015-04-22T19:44:49 kio_help.upd: Found new update 'kde3_2'
2015-04-22T19:44:49 kio_help.upd: Running script 'move_kio_help_cache.sh'
2015-04-22T19:44:49 [Script] mv: cannot stat ‘/home/blueyi/.kde/share/apps/kio_help/cache’: No such file or directory
2015-04-22T19:44:49 [Script] rmdir: failed to remove ‘/home/blueyi/.kde/share/apps/kio_help’: No such file or directory
2015-04-22T19:44:49 Checking update-file '/usr/share/kde4/apps/kconf_update/kcookiescfg.upd' for new updates
2015-04-22T19:44:49 kcookiescfg.upd: Found new update 'kde2.2/b1'
2015-04-22T19:44:49 kcookiescfg.upd: File 'kcookiejarrc' does not exist or empty, skipping
2015-04-22T19:44:49 kcookiescfg.upd: Found new update 'kde3.1/cvs'
2015-04-22T19:44:49 kcookiescfg.upd: File 'kcookiejarrc' does not exist or empty, skipping
2015-04-22T19:44:49 kcookiescfg.upd: Found new update 'kde4.10/git'
2015-04-22T19:44:49 kcookiescfg.upd: File 'kcookiejarrc' does not exist or empty, skipping
2015-04-22T19:44:49 Checking update-file '/usr/share/kde4/apps/kconf_update/kate-2.4.upd' for new updates
2015-04-22T19:44:49 kate-2.4.upd: Found new update 'kate2.4'
2015-04-22T19:44:49 Checking update-file '/usr/share/kde4/apps/kconf_update/kioslave.upd' for new updates
2015-04-22T19:44:49 kioslave.upd: Found new update 'kde2.2/r1'
2015-04-22T19:44:49 kioslave.upd: File 'kioslaverc' does not exist or empty, skipping
2015-04-22T19:44:49 kioslave.upd: Skipping update 'kde2.2/r1'
2015-04-22T19:44:49 kioslave.upd: File 'kioslaverc' does not exist or empty, skipping
2015-04-22T19:44:49 kioslave.upd: Found new update 'kde2.2/r2'
2015-04-22T19:44:49 kioslave.upd: File 'kioslaverc' does not exist or empty, skipping
2015-04-22T19:44:49 kioslave.upd: Found new update 'kde2.2/r3'
2015-04-22T19:44:49 kioslave.upd: File 'kioslaverc' does not exist or empty, skipping
2015-04-22T19:44:49 Checking update-file '/usr/share/kde4/apps/kconf_update/ksslcertificatemanager.upd' for new updates
2015-04-22T19:44:49 ksslcertificatemanager.upd: Found new update 'kde4.2'
2015-04-22T19:44:49 ksslcertificatemanager.upd: Running script 'ksslcertificatemanager.upd.sh'
2015-04-22T19:44:49 [Script] rm: cannot remove ‘/home/blueyi/.kde//share/config/ksslcertificatemanager’: No such file or directory
2015-04-22T19:44:49 ksslcertificatemanager.upd: !! An error occurred while running 'sh /usr/share/kde4/apps/kconf_update/ksslcertificatemanager.upd.sh'
